This file contains any messages produced by compilers while
running configure, to aid debugging if configure makes a mistake.

It was created by configure, which was
generated by GNU Autoconf 2.63.  Invocation command line was

  $ ./configure --with-php-config=/home/rong/php/bin/php-config --with-pdo-mysql=/home/rong/mysql

## --------- ##
## Platform. ##
## --------- ##

hostname = rong-qa01-vm.jr.rong360.com
uname -m = x86_64
uname -r = 2.6.32-358.el6.x86_64
uname -s = Linux
uname -v = #1 SMP Fri Feb 22 00:31:26 UTC 2013

/usr/bin/uname -p = unknown
/bin/uname -X     = unknown

/bin/arch              = x86_64
/usr/bin/arch -k       = unknown
/usr/convex/getsysinfo = unknown
/usr/bin/hostinfo      = unknown
/bin/machine           = unknown
/usr/bin/oslevel       = unknown
/bin/universe          = unknown

PATH: /usr/local/bin
PATH: /bin
PATH: /usr/bin
PATH: /usr/local/sbin
PATH: /usr/sbin
PATH: /sbin
PATH: /home/rong/nodejs/bin/
PATH: /home/rong/bin
PATH: /home/rong/opbin
PATH: /home/rong/php/bin


## ----------- ##
## Core tests. ##
## ----------- ##

configure:1986: checking for grep that handles long lines and -e
configure:2046: result: /bin/grep
configure:2051: checking for egrep
configure:2115: result: /bin/grep -E
configure:2120: checking for a sed that does not truncate output
configure:2174: result: /bin/sed
configure:2306: checking for cc
configure:2322: found /usr/bin/cc
configure:2333: result: cc
configure:2367: checking for C compiler version
configure:2375: cc --version >&5
cc (GCC) 4.4.7 20120313 (Red Hat 4.4.7-4)
Copyright (C) 2010 Free Software Foundation, Inc.
This is free software; see the source for copying conditions.  There is NO
warranty; not even for MERCHANTABILITY or FITNESS FOR A PARTICULAR PURPOSE.

configure:2379: $? = 0
configure:2386: cc -v >&5
Using built-in specs.
Target: x86_64-redhat-linux
Configured with: ../configure --prefix=/usr --mandir=/usr/share/man --infodir=/usr/share/info --with-bugurl=http://bugzilla.redhat.com/bugzilla --enable-bootstrap --enable-shared --enable-threads=posix --enable-checking=release --with-system-zlib --enable-__cxa_atexit --disable-libunwind-exceptions --enable-gnu-unique-object --enable-languages=c,c++,objc,obj-c++,java,fortran,ada --enable-java-awt=gtk --disable-dssi --with-java-home=/usr/lib/jvm/java-1.5.0-gcj-1.5.0.0/jre --enable-libgcj-multifile --enable-java-maintainer-mode --with-ecj-jar=/usr/share/java/eclipse-ecj.jar --disable-libjava-multilib --with-ppl --with-cloog --with-tune=generic --with-arch_32=i686 --build=x86_64-redhat-linux
Thread model: posix
gcc version 4.4.7 20120313 (Red Hat 4.4.7-4) (GCC) 
configure:2390: $? = 0
configure:2397: cc -V >&5
cc: '-V' option must have argument
configure:2401: $? = 1
configure:2424: checking for C compiler default output file name
configure:2446: cc    conftest.c  >&5
configure:2450: $? = 0
configure:2488: result: a.out
configure:2507: checking whether the C compiler works
configure:2517: ./a.out
configure:2521: $? = 0
configure:2540: result: yes
configure:2547: checking whether we are cross compiling
configure:2549: result: no
configure:2552: checking for suffix of executables
configure:2559: cc -o conftest    conftest.c  >&5
configure:2563: $? = 0
configure:2589: result: 
configure:2595: checking for suffix of object files
configure:2621: cc -c   conftest.c >&5
configure:2625: $? = 0
configure:2650: result: o
configure:2654: checking whether we are using the GNU C compiler
configure:2683: cc -c   conftest.c >&5
configure:2690: $? = 0
configure:2707: result: yes
configure:2716: checking whether cc accepts -g
configure:2746: cc -c -g  conftest.c >&5
configure:2753: $? = 0
configure:2854: result: yes
configure:2871: checking for cc option to accept ISO C89
configure:2945: cc  -c -g -O2  conftest.c >&5
configure:2952: $? = 0
configure:2975: result: none needed
configure:2999: checking how to run the C preprocessor
configure:3039: cc -E  conftest.c
configure:3046: $? = 0
configure:3077: cc -E  conftest.c
conftest.c:8:28: error: ac_nonexistent.h: No such file or directory
configure:3084: $? = 1
configure: failed program was:
| /* confdefs.h.  */
| #define PACKAGE_NAME ""
| #define PACKAGE_TARNAME ""
| #define PACKAGE_VERSION ""
| #define PACKAGE_STRING ""
| #define PACKAGE_BUGREPORT ""
| /* end confdefs.h.  */
| #include <ac_nonexistent.h>
configure:3117: result: cc -E
configure:3146: cc -E  conftest.c
configure:3153: $? = 0
configure:3184: cc -E  conftest.c
conftest.c:8:28: error: ac_nonexistent.h: No such file or directory
configure:3191: $? = 1
configure: failed program was:
| /* confdefs.h.  */
| #define PACKAGE_NAME ""
| #define PACKAGE_TARNAME ""
| #define PACKAGE_VERSION ""
| #define PACKAGE_STRING ""
| #define PACKAGE_BUGREPORT ""
| /* end confdefs.h.  */
| #include <ac_nonexistent.h>
configure:3233: checking for icc
configure:3246: result: no
configure:3260: checking for suncc
configure:3273: result: no
configure:3291: checking whether cc understands -c and -o together
configure:3323: cc -c conftest.c -o conftest2.o >&5
configure:3327: $? = 0
configure:3333: cc -c conftest.c -o conftest2.o >&5
configure:3337: $? = 0
configure:3392: result: yes
configure:3408: checking for system library directory
configure:3423: result: lib
configure:3430: checking if compiler supports -R
configure:3459: cc -o conftest -g -O2   conftest.c -R /usr/lib  >&5
cc: unrecognized option '-R'
/usr/lib: file not recognized: Is a directory
collect2: ld returned 1 exit status
configure:3466: $? = 1
configure: failed program was:
| /* confdefs.h.  */
| #define PACKAGE_NAME ""
| #define PACKAGE_TARNAME ""
| #define PACKAGE_VERSION ""
| #define PACKAGE_STRING ""
| #define PACKAGE_BUGREPORT ""
| /* end confdefs.h.  */
| 
| int
| main ()
| {
| 
|   ;
|   return 0;
| }
configure:3488: result: no
configure:3493: checking if compiler supports -Wl,-rpath,
configure:3522: cc -o conftest -g -O2   conftest.c -Wl,-rpath,/usr/lib  >&5
configure:3529: $? = 0
configure:3551: result: yes
configure:3600: checking build system type
configure:3618: result: x86_64-unknown-linux-gnu
configure:3640: checking host system type
configure:3655: result: x86_64-unknown-linux-gnu
configure:3677: checking target system type
configure:3692: result: x86_64-unknown-linux-gnu
configure:3801: checking for PHP prefix
configure:3803: result: /home/rong/php-5.5.16
configure:3805: checking for PHP includes
configure:3807: result: -I/home/rong/php-5.5.16/include/php -I/home/rong/php-5.5.16/include/php/main -I/home/rong/php-5.5.16/include/php/TSRM -I/home/rong/php-5.5.16/include/php/Zend -I/home/rong/php-5.5.16/include/php/ext -I/home/rong/php-5.5.16/include/php/ext/date/lib
configure:3809: checking for PHP extension directory
configure:3811: result: /home/rong/php-5.5.16/lib/php/extensions/no-debug-non-zts-20121212
configure:3813: checking for PHP installed headers prefix
configure:3815: result: /home/rong/php-5.5.16/include/php
configure:3818: checking if debug is enabled
configure:3848: result: no
configure:3851: checking if zts is enabled
configure:3881: result: no
configure:3952: checking for re2c
configure:3982: result: no
configure:4007: WARNING: You will need re2c 0.13.4 or later if you want to regenerate PHP parsers.
configure:4021: checking for gawk
configure:4038: found /bin/gawk
configure:4049: result: gawk
configure:4097: checking for MySQL support for PDO
configure:4137: result: yes, shared
configure:4147: checking for the location of libz
configure:4162: result: no
configure:4207: checking for mysql_config
configure:4210: result: /home/rong/mysql/bin/mysql_config
configure:4427: checking for mysql_commit in -lmysqlclient
configure:4462: cc -o conftest -g -O2  -Wl,-rpath,/home/rong/mysql/lib -L/home/rong/mysql/lib  -lmysqlclient -lm -lrt -ldl conftest.c -lmysqlclient   >&5
configure:4469: $? = 0
configure:4492: result: yes
configure:5273: checking for PDO includes
configure:5279: checking for PDO includes
configure:5290: result: /home/rong/php-5.5.16/include/php/ext
configure:5776: checking for ld used by cc
configure:5843: result: /usr/bin/ld
configure:5852: checking if the linker (/usr/bin/ld) is GNU ld
configure:5867: result: yes
configure:5872: checking for /usr/bin/ld option to reload object files
configure:5879: result: -r
configure:5897: checking for BSD-compatible nm
configure:5946: result: /usr/bin/nm -B
configure:5950: checking whether ln -s works
configure:5954: result: yes
configure:5961: checking how to recognize dependent libraries
configure:6147: result: pass_all
configure:6232: cc -c -g -O2  conftest.c >&5
configure:6235: $? = 0
configure:6388: checking for ANSI C header files
configure:6418: cc -c -g -O2  conftest.c >&5
configure:6425: $? = 0
configure:6524: cc -o conftest -g -O2   conftest.c  >&5
configure:6528: $? = 0
configure:6534: ./conftest
configure:6538: $? = 0
configure:6556: result: yes
configure:6580: checking for sys/types.h
configure:6601: cc -c -g -O2  conftest.c >&5
configure:6608: $? = 0
configure:6625: result: yes
configure:6580: checking for sys/stat.h
configure:6601: cc -c -g -O2  conftest.c >&5
configure:6608: $? = 0
configure:6625: result: yes
configure:6580: checking for stdlib.h
configure:6601: cc -c -g -O2  conftest.c >&5
configure:6608: $? = 0
configure:6625: result: yes
configure:6580: checking for string.h
configure:6601: cc -c -g -O2  conftest.c >&5
configure:6608: $? = 0
configure:6625: result: yes
configure:6580: checking for memory.h
configure:6601: cc -c -g -O2  conftest.c >&5
configure:6608: $? = 0
configure:6625: result: yes
configure:6580: checking for strings.h
configure:6601: cc -c -g -O2  conftest.c >&5
configure:6608: $? = 0
configure:6625: result: yes
configure:6580: checking for inttypes.h
configure:6601: cc -c -g -O2  conftest.c >&5
configure:6608: $? = 0
configure:6625: result: yes
configure:6580: checking for stdint.h
configure:6601: cc -c -g -O2  conftest.c >&5
configure:6608: $? = 0
configure:6625: result: yes
configure:6580: checking for unistd.h
configure:6601: cc -c -g -O2  conftest.c >&5
configure:6608: $? = 0
configure:6625: result: yes
configure:6655: checking dlfcn.h usability
configure:6672: cc -c -g -O2  conftest.c >&5
configure:6679: $? = 0
configure:6693: result: yes
configure:6697: checking dlfcn.h presence
configure:6712: cc -E  conftest.c
configure:6719: $? = 0
configure:6733: result: yes
configure:6761: checking for dlfcn.h
configure:6770: result: yes
configure:6797: checking the maximum length of command line arguments
configure:6909: result: 1966080
configure:6921: checking command to parse /usr/bin/nm -B output from cc object
configure:7026: cc -c -g -O2  conftest.c >&5
configure:7029: $? = 0
configure:7033: /usr/bin/nm -B conftest.o \| sed -n -e 's/^.*[ 	]\([ABCDGIRSTW][ABCDGIRSTW]*\)[ 	][ 	]*\([_A-Za-z][_A-Za-z0-9]*\)$/\1 \2 \2/p' \> conftest.nm
configure:7036: $? = 0
configure:7088: cc -o conftest -g -O2   conftest.c conftstm.o >&5
configure:7091: $? = 0
configure:7129: result: ok
configure:7133: checking for objdir
configure:7148: result: .libs
configure:7240: checking for ar
configure:7256: found /usr/bin/ar
configure:7267: result: ar
configure:7332: checking for ranlib
configure:7348: found /usr/bin/ranlib
configure:7359: result: ranlib
configure:7424: checking for strip
configure:7440: found /usr/bin/strip
configure:7451: result: strip
configure:8020: checking if cc supports -fno-rtti -fno-exceptions
configure:8038: cc -c -g -O2  -fno-rtti -fno-exceptions conftest.c >&5
cc1: warning: command line option "-fno-rtti" is valid for C++/ObjC++ but not for C
configure:8042: $? = 0
configure:8055: result: no
configure:8070: checking for cc option to produce PIC
configure:8310: result: -fPIC
configure:8318: checking if cc PIC flag -fPIC works
configure:8336: cc -c -g -O2  -fPIC -DPIC conftest.c >&5
configure:8340: $? = 0
configure:8353: result: yes
configure:8381: checking if cc static flag -static works
configure:8409: result: no
configure:8419: checking if cc supports -c -o file.o
configure:8440: cc -c -g -O2  -o out/conftest2.o conftest.c >&5
configure:8444: $? = 0
configure:8466: result: yes
configure:8492: checking whether the cc linker (/usr/bin/ld -m elf_x86_64) supports shared libraries
configure:9420: result: yes
configure:9441: checking whether -lc should be explicitly linked in
configure:9446: cc -c -g -O2  conftest.c >&5
configure:9449: $? = 0
configure:9464: cc -shared conftest.o  -v -Wl,-soname -Wl,conftest -o conftest 2\>\&1 \| grep  -lc  \>/dev/null 2\>\&1
configure:9467: $? = 0
configure:9479: result: no
configure:9487: checking dynamic linker characteristics
configure:10085: result: GNU/Linux ld.so
configure:10109: checking how to hardcode library paths into programs
configure:10134: result: immediate
configure:10148: checking whether stripping libraries is possible
configure:10153: result: yes
configure:10983: checking if libtool supports shared libraries
configure:10985: result: yes
configure:10988: checking whether to build shared libraries
configure:11009: result: yes
configure:11012: checking whether to build static libraries
configure:11016: result: no
configure:11111: result:
creating libtool
configure:14808: creating ./config.status

## ---------------------- ##
## Running config.status. ##
## ---------------------- ##

This file was extended by config.status, which was
generated by GNU Autoconf 2.63.  Invocation command line was

  CONFIG_FILES    = 
  CONFIG_HEADERS  = 
  CONFIG_LINKS    = 
  CONFIG_COMMANDS = 
  $ ./config.status 

on rong-qa01-vm.jr.rong360.com

config.status:608: creating config.h

## ---------------- ##
## Cache variables. ##
## ---------------- ##

ac_cv_build=x86_64-unknown-linux-gnu
ac_cv_c_compiler_gnu=yes
ac_cv_env_CC_set=
ac_cv_env_CC_value=
ac_cv_env_CFLAGS_set=
ac_cv_env_CFLAGS_value=
ac_cv_env_CPPFLAGS_set=
ac_cv_env_CPPFLAGS_value=
ac_cv_env_CPP_set=
ac_cv_env_CPP_value=
ac_cv_env_LDFLAGS_set=
ac_cv_env_LDFLAGS_value=
ac_cv_env_LIBS_set=
ac_cv_env_LIBS_value=
ac_cv_env_build_alias_set=
ac_cv_env_build_alias_value=
ac_cv_env_host_alias_set=
ac_cv_env_host_alias_value=
ac_cv_env_target_alias_set=
ac_cv_env_target_alias_value=
ac_cv_header_dlfcn_h=yes
ac_cv_header_inttypes_h=yes
ac_cv_header_memory_h=yes
ac_cv_header_stdc=yes
ac_cv_header_stdint_h=yes
ac_cv_header_stdlib_h=yes
ac_cv_header_string_h=yes
ac_cv_header_strings_h=yes
ac_cv_header_sys_stat_h=yes
ac_cv_header_sys_types_h=yes
ac_cv_header_unistd_h=yes
ac_cv_host=x86_64-unknown-linux-gnu
ac_cv_lib_mysqlclient___mysql_commit=yes
ac_cv_objext=o
ac_cv_path_EGREP='/bin/grep -E'
ac_cv_path_GREP=/bin/grep
ac_cv_prog_AWK=gawk
ac_cv_prog_CPP='cc -E'
ac_cv_prog_ac_ct_AR=ar
ac_cv_prog_ac_ct_CC=cc
ac_cv_prog_ac_ct_RANLIB=ranlib
ac_cv_prog_ac_ct_STRIP=strip
ac_cv_prog_cc_c89=
ac_cv_prog_cc_cc_c_o=yes
ac_cv_prog_cc_g=yes
ac_cv_target=x86_64-unknown-linux-gnu
lt_cv_deplibs_check_method=pass_all
lt_cv_file_magic_cmd='$MAGIC_CMD'
lt_cv_file_magic_test_file=
lt_cv_ld_reload_flag=-r
lt_cv_objdir=.libs
lt_cv_path_LD=/usr/bin/ld
lt_cv_path_NM='/usr/bin/nm -B'
lt_cv_path_SED=/bin/sed
lt_cv_prog_compiler_c_o=yes
lt_cv_prog_compiler_pic_works=yes
lt_cv_prog_compiler_rtti_exceptions=no
lt_cv_prog_compiler_static_works=no
lt_cv_prog_gnu_ld=yes
lt_cv_sys_global_symbol_pipe='sed -n -e '\''s/^.*[ 	]\([ABCDGIRSTW][ABCDGIRSTW]*\)[ 	][ 	]*\([_A-Za-z][_A-Za-z0-9]*\)$/\1 \2 \2/p'\'''
lt_cv_sys_global_symbol_to_c_name_address='sed -n -e '\''s/^: \([^ ]*\) $/  {\"\1\", (lt_ptr) 0},/p'\'' -e '\''s/^[BCDEGRST] \([^ ]*\) \([^ ]*\)$/  {"\2", (lt_ptr) \&\2},/p'\'''
lt_cv_sys_global_symbol_to_cdecl='sed -n -e '\''s/^. .* \(.*\)$/extern int \1;/p'\'''
lt_cv_sys_lib_dlsearch_path_spec='/lib /usr/lib /usr/local/lib /usr/lib64/mysql '
lt_cv_sys_lib_search_path_spec='/usr/lib/gcc/x86_64-redhat-linux/4.4.7 /usr/lib64 /lib64'
lt_cv_sys_max_cmd_len=1966080
lt_lt_cv_prog_compiler_c_o='"yes"'
lt_lt_cv_sys_global_symbol_pipe='"sed -n -e '\''s/^.*[ 	]\\([ABCDGIRSTW][ABCDGIRSTW]*\\)[ 	][ 	]*\\([_A-Za-z][_A-Za-z0-9]*\\)\$/\\1 \\2 \\2/p'\''"'
lt_lt_cv_sys_global_symbol_to_c_name_address='"sed -n -e '\''s/^: \\([^ ]*\\) \$/  {\\\"\\1\\\", (lt_ptr) 0},/p'\'' -e '\''s/^[BCDEGRST] \\([^ ]*\\) \\([^ ]*\\)\$/  {\"\\2\", (lt_ptr) \\&\\2},/p'\''"'
lt_lt_cv_sys_global_symbol_to_cdecl='"sed -n -e '\''s/^. .* \\(.*\\)\$/extern int \\1;/p'\''"'
pdo_cv_inc_path=/home/rong/php-5.5.16/include/php/ext
php_cv_cc_dashr=no
php_cv_cc_rpath=yes

## ----------------- ##
## Output variables. ##
## ----------------- ##

AR='ar'
AWK='gawk'
CC='cc'
CFLAGS='-g -O2'
CONFIGURE_COMMAND=' '\''./configure'\''  '\''--with-php-config=/home/rong/php/bin/php-config'\'' '\''--with-pdo-mysql=/home/rong/mysql'\'''
CONFIGURE_OPTIONS=' '\''--with-php-config=/home/rong/php/bin/php-config'\'' '\''--with-pdo-mysql=/home/rong/mysql'\'''
CPP='cc -E'
CPPFLAGS=' -DHAVE_CONFIG_H'
DEFS='-DHAVE_CONFIG_H'
DSYMUTIL=''
ECHO='echo'
ECHO_C=''
ECHO_N='-n'
ECHO_T=''
EGREP='/bin/grep -E'
EXEEXT=''
GREP='/bin/grep'
LDFLAGS=''
LIBOBJS=''
LIBS=''
LIBTOOL='$(SHELL) $(top_builddir)/libtool'
LN_S='ln -s'
LTLIBOBJS=''
NMEDIT=''
OBJEXT='o'
PACKAGE_BUGREPORT=''
PACKAGE_NAME=''
PACKAGE_STRING=''
PACKAGE_TARNAME=''
PACKAGE_VERSION=''
PATH_SEPARATOR=':'
PDO_MYSQL_MODULE_TYPE='external'
RANLIB='ranlib'
RE2C='exit 0;'
SED='/bin/sed'
SHELL='/bin/sh'
SHLIB_DL_SUFFIX_NAME='so'
SHLIB_SUFFIX_NAME='so'
STRIP='strip'
ac_ct_CC='cc'
bindir='${exec_prefix}/bin'
build='x86_64-unknown-linux-gnu'
build_alias=''
build_cpu='x86_64'
build_os='linux-gnu'
build_vendor='unknown'
datadir='${datarootdir}'
datarootdir='${prefix}/share'
docdir='${datarootdir}/doc/${PACKAGE}'
dvidir='${docdir}'
exec_prefix='$(prefix)'
host='x86_64-unknown-linux-gnu'
host_alias='x86_64-unknown-linux-gnu'
host_cpu='x86_64'
host_os='linux-gnu'
host_vendor='unknown'
htmldir='${docdir}'
includedir='${prefix}/include'
infodir='${datarootdir}/info'
libdir='${exec_prefix}/lib'
libexecdir='${exec_prefix}/libexec'
localedir='${datarootdir}/locale'
localstatedir='${prefix}/var'
mandir='${datarootdir}/man'
oldincludedir='/usr/include'
pdfdir='${docdir}'
prefix='/home/rong/php-5.5.16'
program_transform_name='s,x,x,'
psdir='${docdir}'
sbindir='${exec_prefix}/sbin'
sharedstatedir='${prefix}/com'
sysconfdir='${prefix}/etc'
target='x86_64-unknown-linux-gnu'
target_alias=''
target_cpu='x86_64'
target_os='linux-gnu'
target_vendor='unknown'

## ----------- ##
## confdefs.h. ##
## ----------- ##

#define PACKAGE_NAME ""
#define PACKAGE_TARNAME ""
#define PACKAGE_VERSION ""
#define PACKAGE_STRING ""
#define PACKAGE_BUGREPORT ""
#define HAVE_MYSQL 1
#define PDO_MYSQL_UNIX_ADDR "/home/rong/mysql/tmp/mysql.sock"
#define COMPILE_DL_PDO_MYSQL 1
#define STDC_HEADERS 1
#define HAVE_SYS_TYPES_H 1
#define HAVE_SYS_STAT_H 1
#define HAVE_STDLIB_H 1
#define HAVE_STRING_H 1
#define HAVE_MEMORY_H 1
#define HAVE_STRINGS_H 1
#define HAVE_INTTYPES_H 1
#define HAVE_STDINT_H 1
#define HAVE_UNISTD_H 1
#define HAVE_DLFCN_H 1

configure: exit 0
